<?xml version="1.0" encoding="UTF-8"?>
<!-- Generated by org.testng.reporters.JUnitReportReporter -->
<testsuite hostname="PARsLaptop" failures="0" tests="1" name="OpenPage" time="8.881" errors="0" timestamp="2025-01-04T22:35:58 CET" skipped="0">
  <testcase classname="OpenPage" name="OpenBrowser" time="8.881"/>
  <system-out/>
</testsuite> <!-- OpenPage -->
